
Circuit 1 cell sky130_fd_pr__nfet_g5v0d10v5 and Circuit 2 cell sky130_fd_pr__nfet_g5v0d10v5 are black boxes.
Warning: Equate pins:  cell sky130_fd_pr__nfet_g5v0d10v5 is a placeholder, treated as a black box.
Warning: Equate pins:  cell sky130_fd_pr__nfet_g5v0d10v5 is a placeholder, treated as a black box.

Subcircuit pins:
Circuit 1: sky130_fd_pr__nfet_g5v0d10v5    |Circuit 2: sky130_fd_pr__nfet_g5v0d10v5    
-------------------------------------------|-------------------------------------------
1                                          |1                                          
2                                          |2                                          
3                                          |3                                          
4                                          |4                                          
---------------------------------------------------------------------------------------
Cell pin lists are equivalent.
Device classes sky130_fd_pr__nfet_g5v0d10v5 and sky130_fd_pr__nfet_g5v0d10v5 are equivalent.

Circuit 1 cell sky130_fd_pr__pfet_g5v0d10v5 and Circuit 2 cell sky130_fd_pr__pfet_g5v0d10v5 are black boxes.
Warning: Equate pins:  cell sky130_fd_pr__pfet_g5v0d10v5 is a placeholder, treated as a black box.
Warning: Equate pins:  cell sky130_fd_pr__pfet_g5v0d10v5 is a placeholder, treated as a black box.

Subcircuit pins:
Circuit 1: sky130_fd_pr__pfet_g5v0d10v5    |Circuit 2: sky130_fd_pr__pfet_g5v0d10v5    
-------------------------------------------|-------------------------------------------
1                                          |1                                          
2                                          |2                                          
3                                          |3                                          
4                                          |4                                          
---------------------------------------------------------------------------------------
Cell pin lists are equivalent.
Device classes sky130_fd_pr__pfet_g5v0d10v5 and sky130_fd_pr__pfet_g5v0d10v5 are equivalent.

Circuit 1 cell sky130_fd_pr__nfet_05v0_nvt and Circuit 2 cell sky130_fd_pr__nfet_05v0_nvt are black boxes.
Warning: Equate pins:  cell sky130_fd_pr__nfet_05v0_nvt is a placeholder, treated as a black box.
Warning: Equate pins:  cell sky130_fd_pr__nfet_05v0_nvt is a placeholder, treated as a black box.

Subcircuit pins:
Circuit 1: sky130_fd_pr__nfet_05v0_nvt     |Circuit 2: sky130_fd_pr__nfet_05v0_nvt     
-------------------------------------------|-------------------------------------------
1                                          |1                                          
2                                          |2                                          
3                                          |3                                          
4                                          |4                                          
---------------------------------------------------------------------------------------
Cell pin lists are equivalent.
Device classes sky130_fd_pr__nfet_05v0_nvt and sky130_fd_pr__nfet_05v0_nvt are equivalent.

Circuit 1 cell sky130_fd_pr__res_xhigh_po_0p35 and Circuit 2 cell sky130_fd_pr__res_xhigh_po_0p35 are black boxes.
Warning: Equate pins:  cell sky130_fd_pr__res_xhigh_po_0p35 is a placeholder, treated as a black box.
Warning: Equate pins:  cell sky130_fd_pr__res_xhigh_po_0p35 is a placeholder, treated as a black box.

Subcircuit pins:
Circuit 1: sky130_fd_pr__res_xhigh_po_0p35 |Circuit 2: sky130_fd_pr__res_xhigh_po_0p35 
-------------------------------------------|-------------------------------------------
1                                          |1                                          
2                                          |2                                          
3                                          |3                                          
---------------------------------------------------------------------------------------
Cell pin lists are equivalent.
Device classes sky130_fd_pr__res_xhigh_po_0p35 and sky130_fd_pr__res_xhigh_po_0p35 are equivalent.

Circuit 1 cell sky130_fd_pr__cap_mim_m3_1 and Circuit 2 cell sky130_fd_pr__cap_mim_m3_1 are black boxes.
Warning: Equate pins:  cell sky130_fd_pr__cap_mim_m3_1 is a placeholder, treated as a black box.
Warning: Equate pins:  cell sky130_fd_pr__cap_mim_m3_1 is a placeholder, treated as a black box.

Subcircuit pins:
Circuit 1: sky130_fd_pr__cap_mim_m3_1      |Circuit 2: sky130_fd_pr__cap_mim_m3_1      
-------------------------------------------|-------------------------------------------
1                                          |1                                          
2                                          |2                                          
---------------------------------------------------------------------------------------
Cell pin lists are equivalent.
Device classes sky130_fd_pr__cap_mim_m3_1 and sky130_fd_pr__cap_mim_m3_1 are equivalent.

Circuit 1 cell sky130_fd_pr__pnp_05v5_W3p40L3p40 and Circuit 2 cell sky130_fd_pr__pnp_05v5_W3p40L3p40 are black boxes.
Warning: Equate pins:  cell sky130_fd_pr__pnp_05v5_W3p40L3p40 is a placeholder, treated as a black box.
Warning: Equate pins:  cell sky130_fd_pr__pnp_05v5_W3p40L3p40 is a placeholder, treated as a black box.

Subcircuit pins:
Circuit 1: sky130_fd_pr__pnp_05v5_W3p40L3p |Circuit 2: sky130_fd_pr__pnp_05v5_W3p40L3p 
-------------------------------------------|-------------------------------------------
1                                          |1                                          
2                                          |2                                          
3                                          |3                                          
---------------------------------------------------------------------------------------
Cell pin lists are equivalent.
Device classes sky130_fd_pr__pnp_05v5_W3p40L3p40 and sky130_fd_pr__pnp_05v5_W3p40L3p40 are equivalent.
Flattening unmatched subcell sky130_fd_pr__nfet_g5v0d10v5_7DHE2Q in circuit latch_sch (1)(4 instances)
Flattening unmatched subcell sky130_fd_pr__pfet_g5v0d10v5_6RZNJP in circuit latch_sch (1)(4 instances)

Subcircuit summary:
Circuit 1: latch_sch                       |Circuit 2: latch_sch                       
-------------------------------------------|-------------------------------------------
sky130_fd_pr__pfet_g5v0d10v5 (4)           |sky130_fd_pr__pfet_g5v0d10v5 (4)           
sky130_fd_pr__nfet_g5v0d10v5 (4)           |sky130_fd_pr__nfet_g5v0d10v5 (4)           
Number of devices: 8                       |Number of devices: 8                       
Number of nets: 8                          |Number of nets: 8                          
---------------------------------------------------------------------------------------
Netlists match uniquely.

Subcircuit pins:
Circuit 1: latch_sch                       |Circuit 2: latch_sch                       
-------------------------------------------|-------------------------------------------
VSS                                        |VSS                                        
VDD                                        |VDD                                        
Q                                          |Q                                          
Qn                                         |Qn                                         
R                                          |R                                          
S                                          |S                                          
---------------------------------------------------------------------------------------
Cell pin lists are equivalent.
Device classes latch_sch and latch_sch are equivalent.
Flattening unmatched subcell vcr_lvs in circuit VCR_rel_0 (0)(1 instance)
Flattening unmatched subcell timming_lvs in circuit VCR_rel_0 (0)(1 instance)
Flattening unmatched subcell comp_final_lvs in circuit VCR_rel_0 (0)(1 instance)
Flattening unmatched subcell bias_lvs_final in circuit VCR_rel_0 (0)(1 instance)
Flattening unmatched subcell slowsw_lvs in circuit VCR_rel_0 (0)(1 instance)
Flattening unmatched subcell VCR in circuit tt_asic (1)(1 instance)
Flattening unmatched subcell sky130_fd_pr__nfet_g5v0d10v5_YQT2ZE in circuit tt_asic (1)(1 instance)
Flattening unmatched subcell sky130_fd_pr__nfet_05v0_nvt_6VRW6H in circuit tt_asic (1)(3 instances)
Flattening unmatched subcell sky130_fd_pr__pfet_g5v0d10v5_WWY474 in circuit tt_asic (1)(1 instance)
Flattening unmatched subcell sky130_fd_pr__pfet_g5v0d10v5_5QATSV in circuit tt_asic (1)(1 instance)
Flattening unmatched subcell Timming in circuit tt_asic (1)(1 instance)
Flattening unmatched subcell sky130_fd_pr__nfet_05v0_nvt_VR6AA6 in circuit tt_asic (1)(6 instances)
Flattening unmatched subcell sky130_fd_pr__res_xhigh_po_0p35_VEFZ9K in circuit tt_asic (1)(4 instances)
Flattening unmatched subcell sky130_fd_pr__res_xhigh_po_0p35_XV4A8Q in circuit tt_asic (1)(16 instances)
Flattening unmatched subcell sky130_fd_pr__nfet_g5v0d10v5_RPP5GQ in circuit tt_asic (1)(1 instance)
Flattening unmatched subcell COMP_2 in circuit tt_asic (1)(1 instance)
Flattening unmatched subcell sky130_fd_pr__pfet_g5v0d10v5_QVY3G8 in circuit tt_asic (1)(8 instances)
Flattening unmatched subcell sky130_fd_pr__nfet_g5v0d10v5_2VXPDW in circuit tt_asic (1)(8 instances)
Flattening unmatched subcell sky130_fd_pr__pfet_g5v0d10v5_HGHSTJ in circuit tt_asic (1)(1 instance)
Flattening unmatched subcell sky130_fd_pr__pfet_g5v0d10v5_DLWBKT in circuit tt_asic (1)(1 instance)
Flattening unmatched subcell sky130_fd_pr__nfet_g5v0d10v5_QW2VKE in circuit tt_asic (1)(2 instances)
Flattening unmatched subcell delay_1 in circuit tt_asic (1)(1 instance)
Flattening unmatched subcell sky130_fd_pr__res_xhigh_po_0p35_GQJ9L7 in circuit tt_asic (1)(20 instances)
Flattening unmatched subcell sky130_fd_pr__pfet_g5v0d10v5_DAGJJV in circuit tt_asic (1)(2 instances)
Flattening unmatched subcell sky130_fd_pr__cap_mim_m3_1_VNZUKL in circuit tt_asic (1)(4 instances)
Flattening unmatched subcell BIAS_1 in circuit tt_asic (1)(1 instance)
Flattening unmatched subcell sky130_fd_pr__nfet_g5v0d10v5_3ZTYNP in circuit tt_asic (1)(10 instances)
Flattening unmatched subcell sky130_fd_pr__pfet_g5v0d10v5_D47HKT in circuit tt_asic (1)(4 instances)
Flattening unmatched subcell sky130_fd_pr__res_xhigh_po_0p35_9AEMK6 in circuit tt_asic (1)(19 instances)
Flattening unmatched subcell sky130_fd_pr__cap_mim_m3_1_TKQNZ5 in circuit tt_asic (1)(2 instances)
Flattening unmatched subcell sky130_fd_pr__rf_pnp_05v5_W3p40L3p40 in circuit tt_asic (1)(9 instances)
Flattening unmatched subcell sky130_fd_pr__nfet_g5v0d10v5_RQVBSX in circuit tt_asic (1)(2 instances)
Flattening unmatched subcell sky130_fd_pr__nfet_g5v0d10v5_Q8WB2M in circuit tt_asic (1)(2 instances)
Flattening unmatched subcell sky130_fd_pr__pfet_g5v0d10v5_YZM6NY in circuit tt_asic (1)(1 instance)
Flattening unmatched subcell sky130_fd_pr__pfet_g5v0d10v5_N9VGKT in circuit tt_asic (1)(2 instances)
Flattening unmatched subcell sky130_fd_pr__pfet_g5v0d10v5_NZWCKT in circuit tt_asic (1)(1 instance)
Flattening unmatched subcell sky130_fd_pr__res_xhigh_po_0p35_FS85BE in circuit tt_asic (1)(5 instances)
Flattening unmatched subcell sky130_fd_pr__pfet_g5v0d10v5_DC6NJT in circuit tt_asic (1)(1 instance)

Class VCR_rel_0 (0):  Merged 26 parallel devices.
Class VCR_rel_0 (0):  Merged 56 series devices.
Class tt_asic (1):  Merged 64 parallel devices.
Class tt_asic (1):  Merged 56 series devices.
Subcircuit summary:
Circuit 1: VCR_rel_0                       |Circuit 2: tt_asic                         
-------------------------------------------|-------------------------------------------
sky130_fd_pr__nfet_g5v0d10v5 (26->20)      |sky130_fd_pr__nfet_g5v0d10v5 (56->20)      
sky130_fd_pr__pfet_g5v0d10v5 (24->17)      |sky130_fd_pr__pfet_g5v0d10v5 (31->17)      
sky130_fd_pr__nfet_05v0_nvt (9)            |sky130_fd_pr__nfet_05v0_nvt (9)            
sky130_fd_pr__res_xhigh_po_0p35 (64->5)    |sky130_fd_pr__res_xhigh_po_0p35 (64->5)    
sky130_fd_pr__pnp_05v5_W3p40L3p40 (9->2)   |sky130_fd_pr__pnp_05v5_W3p40L3p40 (9->2)   
sky130_fd_pr__cap_mim_m3_1 (6->2)          |sky130_fd_pr__cap_mim_m3_1 (6->2)          
latch_sch (1)                              |latch_sch (1)                              
Number of devices: 56                      |Number of devices: 56                      
Number of nets: 47                         |Number of nets: 47                         
---------------------------------------------------------------------------------------
Netlists match uniquely.

Subcircuit pins:
Circuit 1: VCR_rel_0                       |Circuit 2: tt_asic                         
-------------------------------------------|-------------------------------------------
VGND                                       |VGND                                       
ua[2]                                      |ua[2]                                      
ua[3]                                      |ua[3]                                      
ua[4]                                      |ua[4]                                      
ua[1]                                      |ua[1]                                      
VAPWR                                      |VAPWR                                      
ua[5]                                      |ua[5]                                      
ua[0]                                      |ua[0]                                      
---------------------------------------------------------------------------------------
Cell pin lists are equivalent.
Device classes VCR_rel_0 and tt_asic are equivalent.

Final result: Circuits match uniquely.
.
